<?xml version="1.0" encoding="UTF-8"?>
<testng-results ignored="0" total="2" passed="1" failed="1" skipped="0">
  <reporter-output>
  </reporter-output>
  <suite started-at="2023-08-23T12:48:05 GMT-05:00" name="Default suite" finished-at="2023-08-23T12:48:10 GMT-05:00" duration-ms="5152">
    <groups>
    </groups>
    <test started-at="2023-08-23T12:48:05 GMT-05:00" name="Default test" finished-at="2023-08-23T12:48:10 GMT-05:00" duration-ms="5152">
      <class name="TestNg.MultipleTestCaseInTestng">
        <test-method is-config="true" signature="StartApplication()[pri:0, instance:TestNg.MultipleTestCaseInTestng@776aec5c]" started-at="2023-08-23T12:48:05 GMT-05:00" name="StartApplication" finished-at="2023-08-23T12:48:10 GMT-05:00" duration-ms="4900" status="PASS">
          <reporter-output>
          </reporter-output>
        </test-method> <!-- StartApplication -->
        <test-method signature="FBloginPage()[pri:0, instance:TestNg.MultipleTestCaseInTestng@776aec5c]" started-at="2023-08-23T12:48:10 GMT-05:00" name="FBloginPage" finished-at="2023-08-23T12:48:10 GMT-05:00" duration-ms="6" status="FAIL">
          <exception class="java.lang.Error">
            <message>
              <![CDATA[Unresolved compilation problems: 
uhuiaejfhfi cannot be resolved to a variable
hshyej14jfjf cannot be resolved to a variable
]]>
            </message>
            <full-stacktrace>
              <![CDATA[java.lang.Error: Unresolved compilation problems: 
uhuiaejfhfi cannot be resolved to a variable
hshyej14jfjf cannot be resolved to a variable

at TestNg.MultipleTestCaseInTestng.FBloginPage(MultipleTestCaseInTestng.java:33)
at java.base/jdk.internal.reflect.NativeMethodAccessorImpl.invoke0(Native Method)
at java.base/jdk.internal.reflect.NativeMethodAccessorImpl.invoke(NativeMethodAccessorImpl.java:77)
at java.base/jdk.internal.reflect.DelegatingMethodAccessorImpl.invoke(DelegatingMethodAccessorImpl.java:43)
at java.base/java.lang.reflect.Method.invoke(Method.java:568)
at org.testng.internal.invokers.MethodInvocationHelper.invokeMethod(MethodInvocationHelper.java:139)
at org.testng.internal.invokers.TestInvoker.invokeMethod(TestInvoker.java:664)
at org.testng.internal.invokers.TestInvoker.invokeTestMethod(TestInvoker.java:227)
at org.testng.internal.invokers.MethodRunner.runInSequence(MethodRunner.java:50)
at org.testng.internal.invokers.TestInvoker$MethodInvocationAgent.invoke(TestInvoker.java:957)
at org.testng.internal.invokers.TestInvoker.invokeTestMethods(TestInvoker.java:200)
at org.testng.internal.invokers.TestMethodWorker.invokeTestMethods(TestMethodWorker.java:148)
at org.testng.internal.invokers.TestMethodWorker.run(TestMethodWorker.java:128)
at java.base/java.util.ArrayList.forEach(ArrayList.java:1511)
at org.testng.TestRunner.privateRun(TestRunner.java:848)
at org.testng.TestRunner.run(TestRunner.java:621)
at org.testng.SuiteRunner.runTest(SuiteRunner.java:443)
at org.testng.SuiteRunner.runSequentially(SuiteRunner.java:437)
at org.testng.SuiteRunner.privateRun(SuiteRunner.java:397)
at org.testng.SuiteRunner.run(SuiteRunner.java:336)
at org.testng.SuiteRunnerWorker.runSuite(SuiteRunnerWorker.java:52)
at org.testng.SuiteRunnerWorker.run(SuiteRunnerWorker.java:95)
at org.testng.TestNG.runSuitesSequentially(TestNG.java:1280)
at org.testng.TestNG.runSuitesLocally(TestNG.java:1200)
at org.testng.TestNG.runSuites(TestNG.java:1114)
at org.testng.TestNG.run(TestNG.java:1082)
at org.testng.remote.AbstractRemoteTestNG.run(AbstractRemoteTestNG.java:115)
at org.testng.remote.RemoteTestNG.initAndRun(RemoteTestNG.java:251)
at org.testng.remote.RemoteTestNG.main(RemoteTestNG.java:77)
]]>
            </full-stacktrace>
          </exception> <!-- java.lang.Error -->
          <reporter-output>
          </reporter-output>
        </test-method> <!-- FBloginPage -->
        <test-method signature="verifyTestng()[pri:0, instance:TestNg.MultipleTestCaseInTestng@776aec5c]" started-at="2023-08-23T12:48:10 GMT-05:00" name="verifyTestng" finished-at="2023-08-23T12:48:10 GMT-05:00" duration-ms="16" status="PASS">
          <reporter-output>
          </reporter-output>
        </test-method> <!-- verifyTestng -->
        <test-method is-config="true" signature="CloseAplication()[pri:0, instance:TestNg.MultipleTestCaseInTestng@776aec5c]" started-at="2023-08-23T12:48:10 GMT-05:00" name="CloseAplication" finished-at="2023-08-23T12:48:10 GMT-05:00" duration-ms="185" status="PASS">
          <reporter-output>
          </reporter-output>
        </test-method> <!-- CloseAplication -->
      </class> <!-- TestNg.MultipleTestCaseInTestng -->
    </test> <!-- Default test -->
  </suite> <!-- Default suite -->
</testng-results>
